<?xml version="1.0" encoding="UTF-8"?>
<!-- Generated by org.testng.reporters.JUnitReportReporter -->
<testsuite hostname="KALPESH" failures="0" tests="4" name="api.test.UserTests" time="8.799" errors="0" timestamp="2023-06-11T12:55:40 IST" skipped="0">
  <testcase classname="api.test.UserTests" name="testPostUser" time="4.471"/>
  <system-out/>
  <testcase classname="api.test.UserTests" name="testGetUserByName" time="1.115"/>
  <system-out/>
  <testcase classname="api.test.UserTests" name="testUpdateUserByName" time="2.145"/>
  <system-out/>
  <testcase classname="api.test.UserTests" name="testDeleteUserByName" time="1.068"/>
  <system-out/>
</testsuite> <!-- api.test.UserTests -->
