<?xml version="1.0" encoding="UTF-8"?>
<!-- Generated by org.testng.reporters.JUnitReportReporter -->
<testsuite hostname="KALPESH" failures="0" tests="4" name="api.test.UserTests2" time="10.890" errors="0" timestamp="2023-04-23T23:08:39 IST" skipped="0">
  <testcase classname="api.test.UserTests2" name="testPostUser" time="4.598"/>
  <system-out/>
  <testcase classname="api.test.UserTests2" name="testGetUserByName" time="1.577"/>
  <system-out/>
  <testcase classname="api.test.UserTests2" name="testUpdateUserByName" time="3.207"/>
  <system-out/>
  <testcase classname="api.test.UserTests2" name="testDeleteUserByName" time="1.508"/>
  <system-out/>
</testsuite> <!-- api.test.UserTests2 -->
