<?xml version="1.0" encoding="UTF-8"?>
<!-- Generated by org.testng.reporters.JUnitReportReporter -->
<testsuite hostname="KALPESH" failures="0" tests="1" name="Test_Day3.Arrays6" time="0.019" errors="0" timestamp="2022-12-08T13:52:07 NZDT" skipped="0">
  <testcase classname="Test_Day3.Arrays6" name="main" time="0.019"/>
  <system-out/>
</testsuite> <!-- Test_Day3.Arrays6 -->
