<?xml version="1.0" encoding="UTF-8"?>
<!-- Generated by org.testng.reporters.JUnitReportReporter -->
<testsuite hostname="LAPTOP-0BNS4RHD" failures="0" tests="1" name="Selenium_practice.extentrepo" time="59.510" errors="0" timestamp="2022-07-21T22:36:00 IST" skipped="0">
  <testcase classname="Selenium_practice.extentrepo" name="browserint" time="59.510"/>
  <system-out/>
</testsuite> <!-- Selenium_practice.extentrepo -->
