<?xml version="1.0" encoding="UTF-8"?>
<!-- Generated by org.testng.reporters.JUnitReportReporter -->
<testsuite hostname="KALPESH" failures="0" tests="1" name="f__Object_Array.Object_array" time="0.032" errors="0" timestamp="2023-04-26T21:50:22 IST" skipped="0">
  <testcase classname="f__Object_Array.Object_array" name="main" time="0.032"/>
  <system-out/>
</testsuite> <!-- f__Object_Array.Object_array -->
