<?xml version="1.0" encoding="UTF-8"?>
<!-- Generated by org.testng.reporters.JUnitReportReporter -->
<testsuite hostname="KALPESH" failures="0" tests="1" name="expedia.Testcases.TC_SignInTest_001" time="0.881" errors="0" timestamp="2023-06-11T21:08:56 IST" skipped="0">
  <testcase classname="expedia.Testcases.TC_SignInTest_001" name="LoginTest" time="0.881"/>
  <system-out/>
</testsuite> <!-- expedia.Testcases.TC_SignInTest_001 -->
