<?xml version="1.0" encoding="UTF-8"?>
<!-- Generated by org.testng.reporters.JUnitReportReporter -->
<testsuite hostname="KALPESH" failures="0" tests="2" name="Intro_Testng_Framework.Demo3" time="4.021" errors="0" timestamp="2023-01-16T20:34:45 NZDT" skipped="0">
  <testcase classname="Intro_Testng_Framework.Demo3" name="vasu" time="2.005"/>
  <system-out/>
  <testcase classname="Intro_Testng_Framework.Demo3" name="vasu" time="2.016"/>
  <system-out/>
</testsuite> <!-- Intro_Testng_Framework.Demo3 -->
