<?xml version="1.0" encoding="UTF-8"?>
<!-- Generated by org.testng.reporters.JUnitReportReporter -->
<testsuite hostname="KALPESH" failures="0" tests="1" name="D_Testng_Framework.Extent_reports" time="46.995" errors="0" timestamp="2023-04-28T21:55:31 IST" skipped="0">
  <testcase classname="D_Testng_Framework.Extent_reports" name="initialDemo" time="46.995"/>
  <system-out/>
</testsuite> <!-- D_Testng_Framework.Extent_reports -->
