<?xml version="1.0" encoding="UTF-8"?>
<!-- Generated by org.testng.reporters.JUnitReportReporter -->
<testsuite hostname="KALPESH" failures="0" tests="1" name="G_PageObjectModel.RegistrationTest2" time="15.393" errors="0" timestamp="2023-05-11T09:57:44 IST" skipped="0">
  <testcase classname="G_PageObjectModel.RegistrationTest2" name="VerifyFlightReg" time="15.393"/>
  <system-out/>
</testsuite> <!-- G_PageObjectModel.RegistrationTest2 -->
