<?xml version="1.0" encoding="UTF-8"?>
<!-- Generated by org.testng.reporters.JUnitReportReporter -->
<testsuite hostname="KALPESH" failures="0" tests="1" name="PageObjectModel.RegistrationTest2" time="25.949" errors="0" timestamp="2023-01-15T11:25:14 NZDT" skipped="0">
  <testcase classname="PageObjectModel.RegistrationTest2" name="VerifyFlightReg" time="25.949"/>
  <system-out/>
</testsuite> <!-- PageObjectModel.RegistrationTest2 -->
