<?xml version="1.0" encoding="UTF-8"?>
<!-- Generated by org.testng.reporters.JUnitReportReporter -->
<testsuite hostname="KALPESH" failures="0" tests="1" name="Intro_Testng_framework003.Demo03" time="0.006" errors="0" timestamp="2022-07-20T23:47:11 NZST" skipped="0">
  <testcase classname="Intro_Testng_framework003.Demo03" name="vasu" time="0.006"/>
  <system-out/>
</testsuite> <!-- Intro_Testng_framework003.Demo03 -->
