<?xml version="1.0" encoding="UTF-8"?>
<!-- Generated by org.testng.reporters.JUnitReportReporter -->
<testsuite hostname="KALPESH" failures="0" tests="3" name="Intro_Testng_framework003.Demo02" time="0.007" errors="0" timestamp="2022-07-20T22:51:07 NZST" skipped="0">
  <testcase classname="Intro_Testng_framework003.Demo02" name="method02" time="0.003"/>
  <system-out/>
  <testcase classname="Intro_Testng_framework003.Demo02" name="method03" time="0.002"/>
  <system-out/>
  <testcase classname="Intro_Testng_framework003.Demo02" name="method01" time="0.002"/>
  <system-out/>
</testsuite> <!-- Intro_Testng_framework003.Demo02 -->
