<?xml version="1.0" encoding="UTF-8"?>
<!-- Generated by org.testng.reporters.JUnitReportReporter -->
<testsuite hostname="KALPESH" failures="0" tests="4" name="Annotations.Before_Method" time="0.033" errors="0" timestamp="2022-07-18T21:33:08 NZST" skipped="0">
  <testcase classname="Annotations.Before_Method" name="method01" time="0.020"/>
  <system-out/>
  <testcase classname="Annotations.Before_Method" name="method03" time="0.006"/>
  <system-out/>
  <testcase classname="Annotations.Before_Method" name="method02" time="0.003"/>
  <system-out/>
  <testcase classname="Annotations.Before_Method" name="method04" time="0.004"/>
  <system-out/>
</testsuite> <!-- Annotations.Before_Method -->
