<?xml version="1.0" encoding="UTF-8"?>
<!-- Generated by org.testng.reporters.JUnitReportReporter -->
<testsuite hostname="KALPESH" failures="0" tests="5" name="Annotations.DepensOnMethod" time="0.024" errors="0" timestamp="2022-11-28T19:57:05 NZDT" skipped="1">
  <testcase classname="Annotations.DepensOnMethod" name="Prassna" time="0.002"/>
  <system-out/>
  <testcase classname="Annotations.DepensOnMethod" name="day1" time="0.019"/>
  <system-out/>
  <testcase classname="Annotations.DepensOnMethod" name="day4" time="0.002"/>
  <system-out/>
  <testcase classname="Annotations.DepensOnMethod" name="day2" time="0.001"/>
  <system-out/>
  <testcase classname="Annotations.DepensOnMethod" name="day3">
    <skipped/>
  </testcase> <!-- day3 -->
  <system-out/>
</testsuite> <!-- Annotations.DepensOnMethod -->
