<?xml version="1.0" encoding="UTF-8"?>
<!-- Generated by org.testng.reporters.JUnitReportReporter -->
<testsuite hostname="KALPESH" failures="0" tests="2" name="Intro_Testng_framework003.Demo001$Demoday001" time="0.045" errors="0" timestamp="2022-11-17T17:49:14 NZDT" skipped="0">
  <testcase classname="Intro_Testng_framework003.Demo001$Demoday001" name="gopiraj" time="0.043"/>
  <system-out/>
  <testcase classname="Intro_Testng_framework003.Demo001$Demoday001" name="patil" time="0.002"/>
  <system-out/>
</testsuite> <!-- Intro_Testng_framework003.Demo001$Demoday001 -->
