<?xml version="1.0" encoding="UTF-8"?>
<!-- Generated by org.testng.reporters.JUnitReportReporter -->
<testsuite hostname="KALPESH" failures="0" tests="2" name="Intro_Testng_framework.Demo001" time="0.020" errors="0" timestamp="2022-12-04T21:20:21 NZDT" skipped="0">
  <testcase classname="Intro_Testng_framework.Demo001" name="gopiraj" time="0.017"/>
  <system-out/>
  <testcase classname="Intro_Testng_framework.Demo001" name="patil" time="0.003"/>
  <system-out/>
</testsuite> <!-- Intro_Testng_framework.Demo001 -->
