<?xml version="1.0" encoding="UTF-8"?>
<!-- Generated by org.testng.reporters.JUnitReportReporter -->
<testsuite hostname="KALPESH" failures="0" tests="1" name="Intro_Testng_framework.Before_AfterClass" time="0.009" errors="0" timestamp="2022-07-18T21:18:56 NZST" skipped="0">
  <testcase classname="Intro_Testng_framework.Before_AfterClass" name="Gopiraj" time="0.009"/>
  <system-out/>
</testsuite> <!-- Intro_Testng_framework.Before_AfterClass -->
