<?xml version="1.0" encoding="UTF-8"?>
<!-- Generated by org.testng.reporters.JUnitReportReporter -->
<testsuite hostname="KALPESH" failures="0" tests="1" name="Intro_Testng_framework002.Demoday003" time="0.016" errors="0" timestamp="2022-11-16T21:13:18 NZDT" skipped="0">
  <testcase classname="Intro_Testng_framework002.Demoday003" name="vasu" time="0.016"/>
  <system-out/>
</testsuite> <!-- Intro_Testng_framework002.Demoday003 -->
