<?xml version="1.0" encoding="UTF-8"?>
<!-- Generated by org.testng.reporters.JUnitReportReporter -->
<testsuite hostname="KALPESH" failures="0" tests="1" name="Intro_Testng_framework002.Demoday002" time="0.014" errors="0" timestamp="2022-07-17T12:09:25 NZST" skipped="0">
  <testcase classname="Intro_Testng_framework002.Demoday002" name="method03" time="0.014"/>
  <system-out/>
</testsuite> <!-- Intro_Testng_framework002.Demoday002 -->
