<?xml version="1.0" encoding="UTF-8"?>
<!-- Generated by org.testng.reporters.JUnitReportReporter -->
<testsuite hostname="KALPESH" failures="0" tests="1" name="Intro_Testng_framework.Demo002" time="0.017" errors="0" timestamp="2022-12-04T21:23:57 NZDT" skipped="0">
  <testcase classname="Intro_Testng_framework.Demo002" name="method01" time="0.017"/>
  <system-out/>
</testsuite> <!-- Intro_Testng_framework.Demo002 -->
