<?xml version="1.0" encoding="UTF-8"?>
<!-- Generated by org.testng.reporters.JUnitReportReporter -->
<testsuite hostname="KALPESH" failures="0" tests="2" name="Annotations.Before_AfterClass" time="0.012" errors="0" timestamp="2022-11-16T23:11:13 NZDT" skipped="0">
  <testcase classname="Annotations.Before_AfterClass" name="Gopiraj" time="0.004"/>
  <system-out/>
  <testcase classname="Annotations.Before_AfterClass" name="Don" time="0.008"/>
  <system-out/>
</testsuite> <!-- Annotations.Before_AfterClass -->
