<?xml version="1.0" encoding="UTF-8"?>
<!-- Generated by org.testng.reporters.JUnitReportReporter -->
<testsuite hostname="KALPESH" failures="0" tests="1" name="Intro_Testng_framework.Demo004" time="0.005" errors="0" timestamp="2022-07-14T21:26:50 NZST" skipped="0">
  <testcase classname="Intro_Testng_framework.Demo004" name="kalpesh" time="0.005"/>
  <system-out/>
</testsuite> <!-- Intro_Testng_framework.Demo004 -->
