<?xml version="1.0" encoding="UTF-8"?>
<!-- Generated by org.testng.reporters.JUnitReportReporter -->
<testsuite hostname="KALPESH" failures="0" tests="6" name="Annotations.Priority" time="0.039" errors="0" timestamp="2022-11-28T19:55:51 NZDT" skipped="0">
  <testcase classname="Annotations.Priority" name="method05" time="0.023"/>
  <system-out/>
  <testcase classname="Annotations.Priority" name="method06" time="0.003"/>
  <system-out/>
  <testcase classname="Annotations.Priority" name="method01" time="0.003"/>
  <system-out/>
  <testcase classname="Annotations.Priority" name="method02" time="0.004"/>
  <system-out/>
  <testcase classname="Annotations.Priority" name="method03" time="0.005"/>
  <system-out/>
  <testcase classname="Annotations.Priority" name="method04" time="0.001"/>
  <system-out/>
</testsuite> <!-- Annotations.Priority -->
