<?xml version="1.0" encoding="UTF-8"?>
<!-- Generated by org.testng.reporters.JUnitReportReporter -->
<testsuite hostname="KALPESH" failures="0" tests="1" name="Intro_Testng_framework.Demo003" time="0.022" errors="0" timestamp="2022-07-14T21:26:50 NZST" skipped="0">
  <testcase classname="Intro_Testng_framework.Demo003" name="vasu" time="0.022"/>
  <system-out/>
</testsuite> <!-- Intro_Testng_framework.Demo003 -->
