<?xml version="1.0" encoding="UTF-8"?>
<!-- Generated by org.testng.reporters.JUnitReportReporter -->
<testsuite hostname="KALPESH" failures="0" tests="3" name="Intro_Testng_framework.Demo005" time="0.044" errors="0" timestamp="2022-07-14T17:48:36 NZST" skipped="0">
  <testcase classname="Intro_Testng_framework.Demo005" name="method01" time="0.032"/>
  <system-out/>
  <testcase classname="Intro_Testng_framework.Demo005" name="method03" time="0.007"/>
  <system-out/>
  <testcase classname="Intro_Testng_framework.Demo005" name="method02" time="0.005"/>
  <system-out/>
</testsuite> <!-- Intro_Testng_framework.Demo005 -->
