<?xml version="1.0" encoding="UTF-8"?>
<!-- Generated by org.testng.reporters.JUnitReportReporter -->
<testsuite hostname="KALPESH" failures="0" tests="200" name="Intro_Testng_Framework.Demo3" time="402.418" errors="0" timestamp="2022-12-27T22:20:35 NZDT" skipped="0">
  <testcase classname="Intro_Testng_Framework.Demo3" name="vasu" time="2.008"/>
  <system-out/>
  <testcase classname="Intro_Testng_Framework.Demo3" name="vasu" time="2.017"/>
  <system-out/>
  <testcase classname="Intro_Testng_Framework.Demo3" name="vasu" time="2.016"/>
  <system-out/>
  <testcase classname="Intro_Testng_Framework.Demo3" name="vasu" time="2.011"/>
  <system-out/>
  <testcase classname="Intro_Testng_Framework.Demo3" name="vasu" time="2.014"/>
  <system-out/>
  <testcase classname="Intro_Testng_Framework.Demo3" name="vasu" time="2.012"/>
  <system-out/>
  <testcase classname="Intro_Testng_Framework.Demo3" name="vasu" time="2.009"/>
  <system-out/>
  <testcase classname="Intro_Testng_Framework.Demo3" name="vasu" time="2.006"/>
  <system-out/>
  <testcase classname="Intro_Testng_Framework.Demo3" name="vasu" time="2.014"/>
  <system-out/>
  <testcase classname="Intro_Testng_Framework.Demo3" name="vasu" time="2.012"/>
  <system-out/>
  <testcase classname="Intro_Testng_Framework.Demo3" name="vasu" time="2.007"/>
  <system-out/>
  <testcase classname="Intro_Testng_Framework.Demo3" name="vasu" time="2.013"/>
  <system-out/>
  <testcase classname="Intro_Testng_Framework.Demo3" name="vasu" time="2.012"/>
  <system-out/>
  <testcase classname="Intro_Testng_Framework.Demo3" name="vasu" time="2.003"/>
  <system-out/>
  <testcase classname="Intro_Testng_Framework.Demo3" name="vasu" time="2.007"/>
  <system-out/>
  <testcase classname="Intro_Testng_Framework.Demo3" name="vasu" time="2.015"/>
  <system-out/>
  <testcase classname="Intro_Testng_Framework.Demo3" name="vasu" time="2.014"/>
  <system-out/>
  <testcase classname="Intro_Testng_Framework.Demo3" name="vasu" time="2.012"/>
  <system-out/>
  <testcase classname="Intro_Testng_Framework.Demo3" name="vasu" time="2.009"/>
  <system-out/>
  <testcase classname="Intro_Testng_Framework.Demo3" name="vasu" time="2.018"/>
  <system-out/>
  <testcase classname="Intro_Testng_Framework.Demo3" name="vasu" time="2.008"/>
  <system-out/>
  <testcase classname="Intro_Testng_Framework.Demo3" name="vasu" time="2.011"/>
  <system-out/>
  <testcase classname="Intro_Testng_Framework.Demo3" name="vasu" time="2.013"/>
  <system-out/>
  <testcase classname="Intro_Testng_Framework.Demo3" name="vasu" time="2.014"/>
  <system-out/>
  <testcase classname="Intro_Testng_Framework.Demo3" name="vasu" time="2.017"/>
  <system-out/>
  <testcase classname="Intro_Testng_Framework.Demo3" name="vasu" time="2.014"/>
  <system-out/>
  <testcase classname="Intro_Testng_Framework.Demo3" name="vasu" time="2.019"/>
  <system-out/>
  <testcase classname="Intro_Testng_Framework.Demo3" name="vasu" time="2.016"/>
  <system-out/>
  <testcase classname="Intro_Testng_Framework.Demo3" name="vasu" time="2.012"/>
  <system-out/>
  <testcase classname="Intro_Testng_Framework.Demo3" name="vasu" time="2.025"/>
  <system-out/>
  <testcase classname="Intro_Testng_Framework.Demo3" name="vasu" time="2.015"/>
  <system-out/>
  <testcase classname="Intro_Testng_Framework.Demo3" name="vasu" time="2.008"/>
  <system-out/>
  <testcase classname="Intro_Testng_Framework.Demo3" name="vasu" time="2.015"/>
  <system-out/>
  <testcase classname="Intro_Testng_Framework.Demo3" name="vasu" time="2.008"/>
  <system-out/>
  <testcase classname="Intro_Testng_Framework.Demo3" name="vasu" time="2.012"/>
  <system-out/>
  <testcase classname="Intro_Testng_Framework.Demo3" name="vasu" time="2.018"/>
  <system-out/>
  <testcase classname="Intro_Testng_Framework.Demo3" name="vasu" time="2.019"/>
  <system-out/>
  <testcase classname="Intro_Testng_Framework.Demo3" name="vasu" time="2.013"/>
  <system-out/>
  <testcase classname="Intro_Testng_Framework.Demo3" name="vasu" time="2.008"/>
  <system-out/>
  <testcase classname="Intro_Testng_Framework.Demo3" name="vasu" time="2.011"/>
  <system-out/>
  <testcase classname="Intro_Testng_Framework.Demo3" name="vasu" time="2.013"/>
  <system-out/>
  <testcase classname="Intro_Testng_Framework.Demo3" name="vasu" time="2.011"/>
  <system-out/>
  <testcase classname="Intro_Testng_Framework.Demo3" name="vasu" time="2.010"/>
  <system-out/>
  <testcase classname="Intro_Testng_Framework.Demo3" name="vasu" time="2.016"/>
  <system-out/>
  <testcase classname="Intro_Testng_Framework.Demo3" name="vasu" time="2.010"/>
  <system-out/>
  <testcase classname="Intro_Testng_Framework.Demo3" name="vasu" time="2.009"/>
  <system-out/>
  <testcase classname="Intro_Testng_Framework.Demo3" name="vasu" time="2.014"/>
  <system-out/>
  <testcase classname="Intro_Testng_Framework.Demo3" name="vasu" time="2.016"/>
  <system-out/>
  <testcase classname="Intro_Testng_Framework.Demo3" name="vasu" time="2.004"/>
  <system-out/>
  <testcase classname="Intro_Testng_Framework.Demo3" name="vasu" time="2.012"/>
  <system-out/>
  <testcase classname="Intro_Testng_Framework.Demo3" name="vasu" time="2.009"/>
  <system-out/>
  <testcase classname="Intro_Testng_Framework.Demo3" name="vasu" time="2.014"/>
  <system-out/>
  <testcase classname="Intro_Testng_Framework.Demo3" name="vasu" time="2.004"/>
  <system-out/>
  <testcase classname="Intro_Testng_Framework.Demo3" name="vasu" time="2.002"/>
  <system-out/>
  <testcase classname="Intro_Testng_Framework.Demo3" name="vasu" time="2.013"/>
  <system-out/>
  <testcase classname="Intro_Testng_Framework.Demo3" name="vasu" time="2.008"/>
  <system-out/>
  <testcase classname="Intro_Testng_Framework.Demo3" name="vasu" time="2.005"/>
  <system-out/>
  <testcase classname="Intro_Testng_Framework.Demo3" name="vasu" time="2.010"/>
  <system-out/>
  <testcase classname="Intro_Testng_Framework.Demo3" name="vasu" time="2.020"/>
  <system-out/>
  <testcase classname="Intro_Testng_Framework.Demo3" name="vasu" time="2.016"/>
  <system-out/>
  <testcase classname="Intro_Testng_Framework.Demo3" name="vasu" time="2.019"/>
  <system-out/>
  <testcase classname="Intro_Testng_Framework.Demo3" name="vasu" time="2.013"/>
  <system-out/>
  <testcase classname="Intro_Testng_Framework.Demo3" name="vasu" time="2.026"/>
  <system-out/>
  <testcase classname="Intro_Testng_Framework.Demo3" name="vasu" time="2.007"/>
  <system-out/>
  <testcase classname="Intro_Testng_Framework.Demo3" name="vasu" time="2.005"/>
  <system-out/>
  <testcase classname="Intro_Testng_Framework.Demo3" name="vasu" time="2.006"/>
  <system-out/>
  <testcase classname="Intro_Testng_Framework.Demo3" name="vasu" time="2.015"/>
  <system-out/>
  <testcase classname="Intro_Testng_Framework.Demo3" name="vasu" time="2.020"/>
  <system-out/>
  <testcase classname="Intro_Testng_Framework.Demo3" name="vasu" time="2.016"/>
  <system-out/>
  <testcase classname="Intro_Testng_Framework.Demo3" name="vasu" time="2.006"/>
  <system-out/>
  <testcase classname="Intro_Testng_Framework.Demo3" name="vasu" time="2.022"/>
  <system-out/>
  <testcase classname="Intro_Testng_Framework.Demo3" name="vasu" time="2.017"/>
  <system-out/>
  <testcase classname="Intro_Testng_Framework.Demo3" name="vasu" time="2.010"/>
  <system-out/>
  <testcase classname="Intro_Testng_Framework.Demo3" name="vasu" time="2.003"/>
  <system-out/>
  <testcase classname="Intro_Testng_Framework.Demo3" name="vasu" time="2.002"/>
  <system-out/>
  <testcase classname="Intro_Testng_Framework.Demo3" name="vasu" time="2.015"/>
  <system-out/>
  <testcase classname="Intro_Testng_Framework.Demo3" name="vasu" time="2.004"/>
  <system-out/>
  <testcase classname="Intro_Testng_Framework.Demo3" name="vasu" time="2.003"/>
  <system-out/>
  <testcase classname="Intro_Testng_Framework.Demo3" name="vasu" time="2.008"/>
  <system-out/>
  <testcase classname="Intro_Testng_Framework.Demo3" name="vasu" time="2.010"/>
  <system-out/>
  <testcase classname="Intro_Testng_Framework.Demo3" name="vasu" time="2.009"/>
  <system-out/>
  <testcase classname="Intro_Testng_Framework.Demo3" name="vasu" time="2.016"/>
  <system-out/>
  <testcase classname="Intro_Testng_Framework.Demo3" name="vasu" time="2.013"/>
  <system-out/>
  <testcase classname="Intro_Testng_Framework.Demo3" name="vasu" time="2.013"/>
  <system-out/>
  <testcase classname="Intro_Testng_Framework.Demo3" name="vasu" time="2.021"/>
  <system-out/>
  <testcase classname="Intro_Testng_Framework.Demo3" name="vasu" time="2.014"/>
  <system-out/>
  <testcase classname="Intro_Testng_Framework.Demo3" name="vasu" time="2.010"/>
  <system-out/>
  <testcase classname="Intro_Testng_Framework.Demo3" name="vasu" time="2.014"/>
  <system-out/>
  <testcase classname="Intro_Testng_Framework.Demo3" name="vasu" time="2.017"/>
  <system-out/>
  <testcase classname="Intro_Testng_Framework.Demo3" name="vasu" time="2.007"/>
  <system-out/>
  <testcase classname="Intro_Testng_Framework.Demo3" name="vasu" time="2.027"/>
  <system-out/>
  <testcase classname="Intro_Testng_Framework.Demo3" name="vasu" time="2.016"/>
  <system-out/>
  <testcase classname="Intro_Testng_Framework.Demo3" name="vasu" time="2.010"/>
  <system-out/>
  <testcase classname="Intro_Testng_Framework.Demo3" name="vasu" time="2.017"/>
  <system-out/>
  <testcase classname="Intro_Testng_Framework.Demo3" name="vasu" time="2.015"/>
  <system-out/>
  <testcase classname="Intro_Testng_Framework.Demo3" name="vasu" time="2.005"/>
  <system-out/>
  <testcase classname="Intro_Testng_Framework.Demo3" name="vasu" time="2.005"/>
  <system-out/>
  <testcase classname="Intro_Testng_Framework.Demo3" name="vasu" time="2.019"/>
  <system-out/>
  <testcase classname="Intro_Testng_Framework.Demo3" name="vasu" time="2.016"/>
  <system-out/>
  <testcase classname="Intro_Testng_Framework.Demo3" name="vasu" time="2.008"/>
  <system-out/>
  <testcase classname="Intro_Testng_Framework.Demo3" name="vasu" time="2.005"/>
  <system-out/>
  <testcase classname="Intro_Testng_Framework.Demo3" name="vasu" time="2.017"/>
  <system-out/>
  <testcase classname="Intro_Testng_Framework.Demo3" name="vasu" time="2.019"/>
  <system-out/>
  <testcase classname="Intro_Testng_Framework.Demo3" name="vasu" time="2.018"/>
  <system-out/>
  <testcase classname="Intro_Testng_Framework.Demo3" name="vasu" time="2.012"/>
  <system-out/>
  <testcase classname="Intro_Testng_Framework.Demo3" name="vasu" time="2.007"/>
  <system-out/>
  <testcase classname="Intro_Testng_Framework.Demo3" name="vasu" time="2.006"/>
  <system-out/>
  <testcase classname="Intro_Testng_Framework.Demo3" name="vasu" time="2.022"/>
  <system-out/>
  <testcase classname="Intro_Testng_Framework.Demo3" name="vasu" time="2.015"/>
  <system-out/>
  <testcase classname="Intro_Testng_Framework.Demo3" name="vasu" time="2.007"/>
  <system-out/>
  <testcase classname="Intro_Testng_Framework.Demo3" name="vasu" time="2.013"/>
  <system-out/>
  <testcase classname="Intro_Testng_Framework.Demo3" name="vasu" time="2.027"/>
  <system-out/>
  <testcase classname="Intro_Testng_Framework.Demo3" name="vasu" time="2.017"/>
  <system-out/>
  <testcase classname="Intro_Testng_Framework.Demo3" name="vasu" time="2.004"/>
  <system-out/>
  <testcase classname="Intro_Testng_Framework.Demo3" name="vasu" time="2.012"/>
  <system-out/>
  <testcase classname="Intro_Testng_Framework.Demo3" name="vasu" time="2.015"/>
  <system-out/>
  <testcase classname="Intro_Testng_Framework.Demo3" name="vasu" time="2.016"/>
  <system-out/>
  <testcase classname="Intro_Testng_Framework.Demo3" name="vasu" time="2.009"/>
  <system-out/>
  <testcase classname="Intro_Testng_Framework.Demo3" name="vasu" time="2.011"/>
  <system-out/>
  <testcase classname="Intro_Testng_Framework.Demo3" name="vasu" time="2.013"/>
  <system-out/>
  <testcase classname="Intro_Testng_Framework.Demo3" name="vasu" time="2.009"/>
  <system-out/>
  <testcase classname="Intro_Testng_Framework.Demo3" name="vasu" time="2.019"/>
  <system-out/>
  <testcase classname="Intro_Testng_Framework.Demo3" name="vasu" time="2.010"/>
  <system-out/>
  <testcase classname="Intro_Testng_Framework.Demo3" name="vasu" time="2.003"/>
  <system-out/>
  <testcase classname="Intro_Testng_Framework.Demo3" name="vasu" time="2.008"/>
  <system-out/>
  <testcase classname="Intro_Testng_Framework.Demo3" name="vasu" time="2.013"/>
  <system-out/>
  <testcase classname="Intro_Testng_Framework.Demo3" name="vasu" time="2.010"/>
  <system-out/>
  <testcase classname="Intro_Testng_Framework.Demo3" name="vasu" time="2.006"/>
  <system-out/>
  <testcase classname="Intro_Testng_Framework.Demo3" name="vasu" time="2.010"/>
  <system-out/>
  <testcase classname="Intro_Testng_Framework.Demo3" name="vasu" time="2.012"/>
  <system-out/>
  <testcase classname="Intro_Testng_Framework.Demo3" name="vasu" time="2.014"/>
  <system-out/>
  <testcase classname="Intro_Testng_Framework.Demo3" name="vasu" time="2.013"/>
  <system-out/>
  <testcase classname="Intro_Testng_Framework.Demo3" name="vasu" time="2.004"/>
  <system-out/>
  <testcase classname="Intro_Testng_Framework.Demo3" name="vasu" time="2.014"/>
  <system-out/>
  <testcase classname="Intro_Testng_Framework.Demo3" name="vasu" time="2.017"/>
  <system-out/>
  <testcase classname="Intro_Testng_Framework.Demo3" name="vasu" time="2.008"/>
  <system-out/>
  <testcase classname="Intro_Testng_Framework.Demo3" name="vasu" time="2.009"/>
  <system-out/>
  <testcase classname="Intro_Testng_Framework.Demo3" name="vasu" time="2.014"/>
  <system-out/>
  <testcase classname="Intro_Testng_Framework.Demo3" name="vasu" time="2.014"/>
  <system-out/>
  <testcase classname="Intro_Testng_Framework.Demo3" name="vasu" time="2.014"/>
  <system-out/>
  <testcase classname="Intro_Testng_Framework.Demo3" name="vasu" time="2.010"/>
  <system-out/>
  <testcase classname="Intro_Testng_Framework.Demo3" name="vasu" time="2.011"/>
  <system-out/>
  <testcase classname="Intro_Testng_Framework.Demo3" name="vasu" time="2.004"/>
  <system-out/>
  <testcase classname="Intro_Testng_Framework.Demo3" name="vasu" time="2.011"/>
  <system-out/>
  <testcase classname="Intro_Testng_Framework.Demo3" name="vasu" time="2.020"/>
  <system-out/>
  <testcase classname="Intro_Testng_Framework.Demo3" name="vasu" time="2.005"/>
  <system-out/>
  <testcase classname="Intro_Testng_Framework.Demo3" name="vasu" time="2.012"/>
  <system-out/>
  <testcase classname="Intro_Testng_Framework.Demo3" name="vasu" time="2.015"/>
  <system-out/>
  <testcase classname="Intro_Testng_Framework.Demo3" name="vasu" time="2.004"/>
  <system-out/>
  <testcase classname="Intro_Testng_Framework.Demo3" name="vasu" time="2.013"/>
  <system-out/>
  <testcase classname="Intro_Testng_Framework.Demo3" name="vasu" time="2.013"/>
  <system-out/>
  <testcase classname="Intro_Testng_Framework.Demo3" name="vasu" time="2.003"/>
  <system-out/>
  <testcase classname="Intro_Testng_Framework.Demo3" name="vasu" time="2.014"/>
  <system-out/>
  <testcase classname="Intro_Testng_Framework.Demo3" name="vasu" time="2.011"/>
  <system-out/>
  <testcase classname="Intro_Testng_Framework.Demo3" name="vasu" time="2.017"/>
  <system-out/>
  <testcase classname="Intro_Testng_Framework.Demo3" name="vasu" time="2.007"/>
  <system-out/>
  <testcase classname="Intro_Testng_Framework.Demo3" name="vasu" time="2.032"/>
  <system-out/>
  <testcase classname="Intro_Testng_Framework.Demo3" name="vasu" time="2.014"/>
  <system-out/>
  <testcase classname="Intro_Testng_Framework.Demo3" name="vasu" time="2.013"/>
  <system-out/>
  <testcase classname="Intro_Testng_Framework.Demo3" name="vasu" time="2.009"/>
  <system-out/>
  <testcase classname="Intro_Testng_Framework.Demo3" name="vasu" time="2.009"/>
  <system-out/>
  <testcase classname="Intro_Testng_Framework.Demo3" name="vasu" time="2.004"/>
  <system-out/>
  <testcase classname="Intro_Testng_Framework.Demo3" name="vasu" time="2.016"/>
  <system-out/>
  <testcase classname="Intro_Testng_Framework.Demo3" name="vasu" time="2.007"/>
  <system-out/>
  <testcase classname="Intro_Testng_Framework.Demo3" name="vasu" time="2.015"/>
  <system-out/>
  <testcase classname="Intro_Testng_Framework.Demo3" name="vasu" time="2.016"/>
  <system-out/>
  <testcase classname="Intro_Testng_Framework.Demo3" name="vasu" time="2.005"/>
  <system-out/>
  <testcase classname="Intro_Testng_Framework.Demo3" name="vasu" time="2.007"/>
  <system-out/>
  <testcase classname="Intro_Testng_Framework.Demo3" name="vasu" time="2.008"/>
  <system-out/>
  <testcase classname="Intro_Testng_Framework.Demo3" name="vasu" time="2.003"/>
  <system-out/>
  <testcase classname="Intro_Testng_Framework.Demo3" name="vasu" time="2.011"/>
  <system-out/>
  <testcase classname="Intro_Testng_Framework.Demo3" name="vasu" time="2.012"/>
  <system-out/>
  <testcase classname="Intro_Testng_Framework.Demo3" name="vasu" time="2.003"/>
  <system-out/>
  <testcase classname="Intro_Testng_Framework.Demo3" name="vasu" time="2.013"/>
  <system-out/>
  <testcase classname="Intro_Testng_Framework.Demo3" name="vasu" time="2.012"/>
  <system-out/>
  <testcase classname="Intro_Testng_Framework.Demo3" name="vasu" time="2.002"/>
  <system-out/>
  <testcase classname="Intro_Testng_Framework.Demo3" name="vasu" time="2.014"/>
  <system-out/>
  <testcase classname="Intro_Testng_Framework.Demo3" name="vasu" time="2.057"/>
  <system-out/>
  <testcase classname="Intro_Testng_Framework.Demo3" name="vasu" time="2.015"/>
  <system-out/>
  <testcase classname="Intro_Testng_Framework.Demo3" name="vasu" time="2.010"/>
  <system-out/>
  <testcase classname="Intro_Testng_Framework.Demo3" name="vasu" time="2.002"/>
  <system-out/>
  <testcase classname="Intro_Testng_Framework.Demo3" name="vasu" time="2.009"/>
  <system-out/>
  <testcase classname="Intro_Testng_Framework.Demo3" name="vasu" time="2.007"/>
  <system-out/>
  <testcase classname="Intro_Testng_Framework.Demo3" name="vasu" time="2.013"/>
  <system-out/>
  <testcase classname="Intro_Testng_Framework.Demo3" name="vasu" time="2.014"/>
  <system-out/>
  <testcase classname="Intro_Testng_Framework.Demo3" name="vasu" time="2.018"/>
  <system-out/>
  <testcase classname="Intro_Testng_Framework.Demo3" name="vasu" time="2.032"/>
  <system-out/>
  <testcase classname="Intro_Testng_Framework.Demo3" name="vasu" time="2.006"/>
  <system-out/>
  <testcase classname="Intro_Testng_Framework.Demo3" name="vasu" time="2.012"/>
  <system-out/>
  <testcase classname="Intro_Testng_Framework.Demo3" name="vasu" time="2.015"/>
  <system-out/>
  <testcase classname="Intro_Testng_Framework.Demo3" name="vasu" time="2.018"/>
  <system-out/>
  <testcase classname="Intro_Testng_Framework.Demo3" name="vasu" time="2.001"/>
  <system-out/>
  <testcase classname="Intro_Testng_Framework.Demo3" name="vasu" time="2.009"/>
  <system-out/>
  <testcase classname="Intro_Testng_Framework.Demo3" name="vasu" time="2.020"/>
  <system-out/>
  <testcase classname="Intro_Testng_Framework.Demo3" name="vasu" time="2.006"/>
  <system-out/>
  <testcase classname="Intro_Testng_Framework.Demo3" name="vasu" time="2.006"/>
  <system-out/>
  <testcase classname="Intro_Testng_Framework.Demo3" name="vasu" time="2.012"/>
  <system-out/>
  <testcase classname="Intro_Testng_Framework.Demo3" name="vasu" time="2.013"/>
  <system-out/>
  <testcase classname="Intro_Testng_Framework.Demo3" name="vasu" time="2.019"/>
  <system-out/>
  <testcase classname="Intro_Testng_Framework.Demo3" name="vasu" time="2.003"/>
  <system-out/>
</testsuite> <!-- Intro_Testng_Framework.Demo3 -->
