<?xml version="1.0" encoding="UTF-8"?>
<!-- Generated by org.testng.reporters.JUnitReportReporter -->
<testsuite hostname="KALPESH" failures="0" tests="4" name="Intro_Testng_Framework.Demo4" time="0.026" errors="0" timestamp="2022-12-27T21:15:35 NZDT" skipped="0">
  <testcase classname="Intro_Testng_Framework.Demo4" name="method4" time="0.017"/>
  <system-out/>
  <testcase classname="Intro_Testng_Framework.Demo4" name="method2" time="0.003"/>
  <system-out/>
  <testcase classname="Intro_Testng_Framework.Demo4" name="method3" time="0.003"/>
  <system-out/>
  <testcase classname="Intro_Testng_Framework.Demo4" name="method1" time="0.003"/>
  <system-out/>
</testsuite> <!-- Intro_Testng_Framework.Demo4 -->
