<?xml version="1.0" encoding="UTF-8"?>
<!-- Generated by org.testng.reporters.JUnitReportReporter -->
<testsuite hostname="KALPESH" failures="0" tests="3" name="Intro_Testng_Framework.Demo5" time="0.027" errors="0" timestamp="2022-12-27T21:17:44 NZDT" skipped="0">
  <testcase classname="Intro_Testng_Framework.Demo5" name="test1" time="0.003"/>
  <system-out/>
  <testcase classname="Intro_Testng_Framework.Demo5" name="test2" time="0.005"/>
  <system-out/>
  <testcase classname="Intro_Testng_Framework.Demo5" name="test1" time="0.019"/>
  <system-out/>
</testsuite> <!-- Intro_Testng_Framework.Demo5 -->
