<?xml version="1.0" encoding="UTF-8"?>
<!-- Generated by org.testng.reporters.JUnitReportReporter -->
<testsuite hostname="KALPESH" failures="0" tests="2" name="Intro_Testng_Framework.Demo2" time="0.020" errors="0" timestamp="2022-12-27T22:20:35 NZDT" skipped="0">
  <testcase classname="Intro_Testng_Framework.Demo2" name="method01" time="0.019"/>
  <system-out/>
  <testcase classname="Intro_Testng_Framework.Demo2" name="method01" time="0.001"/>
  <system-out/>
</testsuite> <!-- Intro_Testng_Framework.Demo2 -->
