<?xml version="1.0" encoding="UTF-8"?>
<!-- Generated by org.testng.reporters.JUnitReportReporter -->
<testsuite hostname="KALPESH" failures="0" tests="1" name="Intro_Testng_Framework.Extent_reports" time="37.812" errors="0" timestamp="2022-12-27T21:58:43 NZDT" skipped="0">
  <testcase classname="Intro_Testng_Framework.Extent_reports" name="initialDemo" time="37.812"/>
  <system-out/>
</testsuite> <!-- Intro_Testng_Framework.Extent_reports -->
