<?xml version="1.0" encoding="UTF-8"?>
<!-- Generated by org.testng.reporters.JUnitReportReporter -->
<testsuite hostname="KALPESH" failures="0" tests="1" name="PageObjectModel.RegistrationTest1" time="24.747" errors="0" timestamp="2022-12-27T22:58:29 NZDT" skipped="0">
  <testcase classname="PageObjectModel.RegistrationTest1" name="VerifyFlightReg" time="24.747"/>
  <system-out/>
</testsuite> <!-- PageObjectModel.RegistrationTest1 -->
