<?xml version="1.0" encoding="UTF-8"?>
<!-- Generated by org.testng.reporters.JUnitReportReporter -->
<testsuite hostname="KALPESH" failures="0" tests="1" name="PageObjectModel.RegistrationTest2" time="16.146" errors="0" timestamp="2022-12-27T22:57:47 NZDT" skipped="0">
  <testcase classname="PageObjectModel.RegistrationTest2" name="VerifyFlightReg" time="16.146"/>
  <system-out/>
</testsuite> <!-- PageObjectModel.RegistrationTest2 -->
