<?xml version="1.0" encoding="UTF-8"?>
<!-- Generated by org.testng.reporters.JUnitReportReporter -->
<testsuite hostname="KALPESH" failures="0" tests="1" name="i_FakeDataCreation.a_FakerDataGenerator" time="0.571" errors="0" timestamp="2023-03-03T16:38:14 IST" skipped="0">
  <testcase classname="i_FakeDataCreation.a_FakerDataGenerator" name="TestFakeDatacreation" time="0.571"/>
  <system-out/>
</testsuite> <!-- i_FakeDataCreation.a_FakerDataGenerator -->
