<?xml version="1.0" encoding="UTF-8"?>
<!-- Generated by org.testng.reporters.JUnitReportReporter -->
<testsuite hostname="KALPESH" failures="0" tests="1" name="I_API_Chaining.GetUser" time="5.388" errors="0" timestamp="2023-03-04T11:18:09 IST" skipped="0">
  <testcase classname="I_API_Chaining.GetUser" name="test_GetUser" time="5.388"/>
  <system-out/>
</testsuite> <!-- I_API_Chaining.GetUser -->
