<?xml version="1.0" encoding="UTF-8"?>
<!-- Generated by org.testng.reporters.JUnitReportReporter -->
<testsuite hostname="KALPESH" failures="0" tests="1" name="c_Parsing_Responce.a_Parsing_JSON_Responce_Data" time="6.377" errors="0" timestamp="2023-04-10T21:32:54 IST" skipped="0">
  <testcase classname="c_Parsing_Responce.a_Parsing_JSON_Responce_Data" name="testJSON_response_body_data" time="6.377"/>
  <system-out/>
</testsuite> <!-- c_Parsing_Responce.a_Parsing_JSON_Responce_Data -->
