<?xml version="1.0" encoding="UTF-8"?>
<!-- Generated by org.testng.reporters.JUnitReportReporter -->
<testsuite hostname="KALPESH" failures="0" tests="1" name="I_API_Chaining.UpdateUser" time="0.828" errors="0" timestamp="2023-03-09T11:16:43 IST" skipped="0">
  <testcase classname="I_API_Chaining.UpdateUser" name="test_UpdateUser" time="0.828"/>
  <system-out/>
</testsuite> <!-- I_API_Chaining.UpdateUser -->
