<?xml version="1.0" encoding="UTF-8"?>
<!-- Generated by org.testng.reporters.JUnitReportReporter -->
<testsuite hostname="KALPESH" failures="0" tests="1" name="E_JSON_and_XML_Schema_validations.a_JSON_Schema_validations" time="4.420" errors="0" timestamp="2023-02-28T17:29:15 IST" skipped="0">
  <testcase classname="E_JSON_and_XML_Schema_validations.a_JSON_Schema_validations" name="JsonSchemaValidation" time="4.420"/>
  <system-out/>
</testsuite> <!-- E_JSON_and_XML_Schema_validations.a_JSON_Schema_validations -->
