<?xml version="1.0" encoding="UTF-8"?>
<!-- Generated by org.testng.reporters.JUnitReportReporter -->
<testsuite hostname="KALPESH" failures="0" tests="1" name="I_API_Chaining.CreateUser" time="4.529" errors="0" timestamp="2023-04-20T16:50:51 IST" skipped="0">
  <testcase classname="I_API_Chaining.CreateUser" name="test_createUser" time="4.529"/>
  <system-out/>
</testsuite> <!-- I_API_Chaining.CreateUser -->
