<?xml version="1.0" encoding="UTF-8"?>
<!-- Generated by org.testng.reporters.JUnitReportReporter -->
<testsuite hostname="KALPESH" failures="0" tests="1" name="b_PathAndQuary_Parameters.D_loggingDemo" time="3.463" errors="0" timestamp="2023-04-10T15:06:44 IST" skipped="0">
  <testcase classname="b_PathAndQuary_Parameters.D_loggingDemo" name="test_logs" time="3.463"/>
  <system-out/>
</testsuite> <!-- b_PathAndQuary_Parameters.D_loggingDemo -->
