<?xml version="1.0" encoding="UTF-8"?>
<!-- Generated by org.testng.reporters.JUnitReportReporter -->
<testsuite hostname="KALPESH" failures="0" tests="1" name="b_PathAndQuary_Parameters.a_Path_and_Quary_paramerter" time="3.085" errors="0" timestamp="2023-04-10T12:21:15 IST" skipped="0">
  <testcase classname="b_PathAndQuary_Parameters.a_Path_and_Quary_paramerter" name="Test_Path_and_Quary_paramerter" time="3.085"/>
  <system-out/>
</testsuite> <!-- b_PathAndQuary_Parameters.a_Path_and_Quary_paramerter -->
