<?xml version="1.0" encoding="UTF-8"?>
<!-- Generated by org.testng.reporters.JUnitReportReporter -->
<testsuite hostname="KALPESH" failures="0" tests="1" name="PathAndQuary_Parameters.D_loggingDemo" time="3.036" errors="0" timestamp="2023-02-27T09:47:27 IST" skipped="0">
  <testcase classname="PathAndQuary_Parameters.D_loggingDemo" name="test_logs" time="3.036"/>
  <system-out/>
</testsuite> <!-- PathAndQuary_Parameters.D_loggingDemo -->
