<?xml version="1.0" encoding="UTF-8"?>
<!-- Generated by org.testng.reporters.JUnitReportReporter -->
<testsuite hostname="KALPESH" failures="0" tests="1" name="c_Parsing_Responce.b_Parsing_XML_Responce_Data" time="4.026" errors="0" timestamp="2023-02-28T08:37:43 IST" skipped="0">
  <testcase classname="c_Parsing_Responce.b_Parsing_XML_Responce_Data" name="test_xml_response_data" time="4.026"/>
  <system-out/>
</testsuite> <!-- c_Parsing_Responce.b_Parsing_XML_Responce_Data -->
