<?xml version="1.0" encoding="UTF-8"?>
<!-- Generated by org.testng.reporters.JUnitReportReporter -->
<testsuite hostname="KALPESH" failures="0" tests="1" name="b_PathAndQuary_Parameters.b_CookiesDemo" time="3.515" errors="0" timestamp="2023-04-10T13:22:56 IST" skipped="0">
  <testcase classname="b_PathAndQuary_Parameters.b_CookiesDemo" name="getCookiesInfo" time="3.515"/>
  <system-out/>
</testsuite> <!-- b_PathAndQuary_Parameters.b_CookiesDemo -->
