<?xml version="1.0" encoding="UTF-8"?>
<!-- Generated by org.testng.reporters.JUnitReportReporter -->
<testsuite hostname="KALPESH" failures="0" tests="1" name="PathAndQuary_Parameters.HeaderDemo" time="3.452" errors="0" timestamp="2023-02-27T09:30:28 IST" skipped="0">
  <testcase classname="PathAndQuary_Parameters.HeaderDemo" name="get_Header" time="3.452"/>
  <system-out/>
</testsuite> <!-- PathAndQuary_Parameters.HeaderDemo -->
