<?xml version="1.0" encoding="UTF-8"?>
<!-- Generated by org.testng.reporters.JUnitReportReporter -->
<testsuite hostname="KALPESH" failures="0" tests="1" name="a_Https_Requests.b_DiffWaysToCreatePostReuestBody" time="5.072" errors="0" timestamp="2023-04-09T23:47:09 IST" skipped="0">
  <testcase classname="a_Https_Requests.b_DiffWaysToCreatePostReuestBody" name="testPostUseing_External_json_file" time="5.072"/>
  <system-out/>
</testsuite> <!-- a_Https_Requests.b_DiffWaysToCreatePostReuestBody -->
