<?xml version="1.0" encoding="UTF-8"?>
<!-- Generated by org.testng.reporters.JUnitReportReporter -->
<testsuite hostname="KALPESH" failures="0" tests="1" name="F_Serialization_and_deserilzation.a_Serialization_and_deserilization" time="0.468" errors="0" timestamp="2023-02-28T22:39:45 IST" skipped="0">
  <testcase classname="F_Serialization_and_deserilzation.a_Serialization_and_deserilization" name="Jsonconvert2Pojo" time="0.468"/>
  <system-out/>
</testsuite> <!-- F_Serialization_and_deserilzation.a_Serialization_and_deserilization -->
