<?xml version="1.0" encoding="UTF-8"?>
<!-- Generated by org.testng.reporters.JUnitReportReporter -->
<testsuite hostname="KALPESH" failures="0" tests="1" name="D_File_upload.a_FileUpload_and_Download" time="3.589" errors="0" timestamp="2023-04-11T18:00:43 IST" skipped="0">
  <testcase classname="D_File_upload.a_FileUpload_and_Download" name="Multiple_file_upload" time="3.589"/>
  <system-out/>
</testsuite> <!-- D_File_upload.a_FileUpload_and_Download -->
