<?xml version="1.0" encoding="UTF-8"?>
<!-- Generated by org.testng.reporters.JUnitReportReporter -->
<testsuite hostname="KALPESH" failures="0" tests="2" name="ApiTestingRestAssured.API_testing.b_DiffWaysToCreatePostReuestBody" time="4.901" errors="0" timestamp="2023-02-26T21:07:31 IST" skipped="0">
  <testcase classname="ApiTestingRestAssured.API_testing.b_DiffWaysToCreatePostReuestBody" name="testPostUseing_External_json_file" time="4.408"/>
  <system-out/>
  <testcase classname="ApiTestingRestAssured.API_testing.b_DiffWaysToCreatePostReuestBody" name="DeleteUser_External_json_file" time="0.493"/>
  <system-out/>
</testsuite> <!-- ApiTestingRestAssured.API_testing.b_DiffWaysToCreatePostReuestBody -->
