<?xml version="1.0" encoding="UTF-8"?>
<!-- Generated by org.testng.reporters.JUnitReportReporter -->
<testsuite hostname="KALPESH" failures="0" tests="1" name="E_JSON_and_XML_Schema_validations.b_XML_Schema_Validation" time="2.651" errors="0" timestamp="2023-02-28T17:28:56 IST" skipped="0">
  <testcase classname="E_JSON_and_XML_Schema_validations.b_XML_Schema_Validation" name="XMLSchemaValidation" time="2.651"/>
  <system-out/>
</testsuite> <!-- E_JSON_and_XML_Schema_validations.b_XML_Schema_Validation -->
