<?xml version="1.0" encoding="UTF-8"?>
<!-- Generated by org.testng.reporters.JUnitReportReporter -->
<testsuite hostname="KALPESH" failures="0" tests="1" name="PathAndQuary_Parameters.b_CookiesDemo" time="3.379" errors="0" timestamp="2023-02-27T07:45:01 IST" skipped="0">
  <testcase classname="PathAndQuary_Parameters.b_CookiesDemo" name="getCookiesInfo" time="3.379"/>
  <system-out/>
</testsuite> <!-- PathAndQuary_Parameters.b_CookiesDemo -->
