<?xml version="1.0" encoding="UTF-8"?>
<!-- Generated by org.testng.reporters.JUnitReportReporter -->
<testsuite hostname="KALPESH" failures="0" tests="1" name="PathAndQuary_Parameters.Path_and_Quary_paramerter" time="3.265" errors="0" timestamp="2023-02-27T06:36:18 IST" skipped="0">
  <testcase classname="PathAndQuary_Parameters.Path_and_Quary_paramerter" name="Test_Path_and_Quary_paramerter" time="3.265"/>
  <system-out/>
</testsuite> <!-- PathAndQuary_Parameters.Path_and_Quary_paramerter -->
