<?xml version="1.0" encoding="UTF-8"?>
<!-- Generated by org.testng.reporters.JUnitReportReporter -->
<testsuite hostname="KALPESH" failures="0" tests="1" name="a_Https_Requests.a_HTTPS_Requests" time="9.889" errors="0" timestamp="2023-06-10T18:20:27 IST" skipped="0">
  <testcase classname="a_Https_Requests.a_HTTPS_Requests" name="getUsers" time="9.889"/>
  <system-out/>
</testsuite> <!-- a_Https_Requests.a_HTTPS_Requests -->
