<?xml version="1.0" encoding="UTF-8"?>
<!-- Generated by org.testng.reporters.JUnitReportReporter -->
<testsuite hostname="KALPESH" failures="0" tests="1" name="b_PathAndQuary_Parameters.c_HeaderDemo" time="4.722" errors="0" timestamp="2023-04-10T13:34:28 IST" skipped="0">
  <testcase classname="b_PathAndQuary_Parameters.c_HeaderDemo" name="get_Header" time="4.722"/>
  <system-out/>
</testsuite> <!-- b_PathAndQuary_Parameters.c_HeaderDemo -->
