<?xml version="1.0" encoding="UTF-8"?>
<!-- Generated by org.testng.reporters.JUnitReportReporter -->
<testsuite hostname="KALPESH" failures="0" tests="1" name="E_JSON_and_XML_Schema_validations.b_XML_Schema_Validation" time="2.590" errors="0" timestamp="2023-04-08T14:43:49 IST" skipped="0">
  <testcase classname="E_JSON_and_XML_Schema_validations.b_XML_Schema_Validation" name="XMLSchemaValidation" time="2.590"/>
  <system-out/>
</testsuite> <!-- E_JSON_and_XML_Schema_validations.b_XML_Schema_Validation -->
