<?xml version="1.0" encoding="UTF-8"?>
<!-- Generated by org.testng.reporters.JUnitReportReporter -->
<testsuite hostname="KALPESH" failures="0" tests="4" name="ApiTestingRestAssured.API_testing.a_HTTPS_Requests" time="10.023" errors="0" timestamp="2023-02-25T22:07:17 IST" skipped="0">
  <testcase classname="ApiTestingRestAssured.API_testing.a_HTTPS_Requests" name="getUsers" time="7.276"/>
  <system-out/>
  <testcase classname="ApiTestingRestAssured.API_testing.a_HTTPS_Requests" name="createUser1" time="1.737"/>
  <system-out/>
  <testcase classname="ApiTestingRestAssured.API_testing.a_HTTPS_Requests" name="UpdateUser" time="0.487"/>
  <system-out/>
  <testcase classname="ApiTestingRestAssured.API_testing.a_HTTPS_Requests" name="DeleteUser" time="0.523"/>
  <system-out/>
</testsuite> <!-- ApiTestingRestAssured.API_testing.a_HTTPS_Requests -->
