<?xml version="1.0" encoding="UTF-8"?>
<!-- Generated by org.testng.reporters.JUnitReportReporter -->
<testsuite hostname="KALPESH" failures="0" tests="1" name="g_Authentications_Types.a_Authentications_Types" time="9.486" errors="0" timestamp="2023-04-17T13:13:37 IST" skipped="0">
  <testcase classname="g_Authentications_Types.a_Authentications_Types" name="testbasicAuthentication" time="9.486"/>
  <system-out/>
</testsuite> <!-- g_Authentications_Types.a_Authentications_Types -->
