<?xml version="1.0" encoding="UTF-8"?>
<!-- Generated by org.testng.reporters.JUnitReportReporter -->
<testsuite hostname="KALPESH" failures="0" tests="1" name="H_FakeDataCreation.a_FakerDataGenerator" time="1.557" errors="0" timestamp="2023-03-03T19:41:22 IST" skipped="0">
  <testcase classname="H_FakeDataCreation.a_FakerDataGenerator" name="TestFakeDatacreation" time="1.557"/>
  <system-out/>
</testsuite> <!-- H_FakeDataCreation.a_FakerDataGenerator -->
