<?xml version="1.0" encoding="UTF-8"?>
<!-- Generated by org.testng.reporters.JUnitReportReporter -->
<testsuite hostname="KALPESH" failures="0" tests="4" name="ApiTestingRestAssured.API_testing.HTTPS_Requests" time="6.247" errors="0" timestamp="2023-02-25T19:59:22 IST" skipped="0">
  <testcase classname="ApiTestingRestAssured.API_testing.HTTPS_Requests" name="getUsers" time="4.040"/>
  <system-out/>
  <testcase classname="ApiTestingRestAssured.API_testing.HTTPS_Requests" name="createUser1" time="1.257"/>
  <system-out/>
  <testcase classname="ApiTestingRestAssured.API_testing.HTTPS_Requests" name="UpdateUser" time="0.487"/>
  <system-out/>
  <testcase classname="ApiTestingRestAssured.API_testing.HTTPS_Requests" name="DeleteUser" time="0.463"/>
  <system-out/>
</testsuite> <!-- ApiTestingRestAssured.API_testing.HTTPS_Requests -->
