<?xml version="1.0" encoding="UTF-8"?>
<!-- Generated by org.testng.reporters.JUnitReportReporter -->
<testsuite hostname="KALPESH" failures="0" tests="6" name="Intro_Testng_Framework.Demo1" time="0.026" errors="0" timestamp="2023-01-16T20:34:45 NZDT" skipped="0">
  <testcase classname="Intro_Testng_Framework.Demo1" name="method2" time="0.003"/>
  <system-out/>
  <testcase classname="Intro_Testng_Framework.Demo1" name="method2" time="0.002"/>
  <system-out/>
  <testcase classname="Intro_Testng_Framework.Demo1" name="patil" time="0.001"/>
  <system-out/>
  <testcase classname="Intro_Testng_Framework.Demo1" name="Gopiraj" time="0.004"/>
  <system-out/>
  <testcase classname="Intro_Testng_Framework.Demo1" name="Gopiraj" time="0.015"/>
  <system-out/>
  <testcase classname="Intro_Testng_Framework.Demo1" name="patil" time="0.001"/>
  <system-out/>
</testsuite> <!-- Intro_Testng_Framework.Demo1 -->
