<?xml version="1.0" encoding="UTF-8"?>
<!-- Generated by org.testng.reporters.JUnitReportReporter -->
<testsuite hostname="KALPESH" failures="0" tests="1" name="Intro_Testng_Framework.Extent_reports" time="12.434" errors="0" timestamp="2023-01-06T11:48:25 NZDT" skipped="0">
  <testcase classname="Intro_Testng_Framework.Extent_reports" name="initialDemo" time="12.434"/>
  <system-out/>
</testsuite> <!-- Intro_Testng_Framework.Extent_reports -->
